SF:lib/app/models/motel_model.dart
DA:12,1
DA:22,1
DA:23,1
DA:24,1
DA:25,1
DA:26,1
DA:27,2
DA:28,2
DA:29,2
DA:30,1
DA:31,4
DA:35,0
DA:36,0
DA:43,0
LF:14
LH:11
end_of_record
SF:lib/app/repositories/motel_repository_impl.dart
DA:9,1
DA:11,1
DA:14,2
DA:15,3
DA:17,5
DA:19,1
DA:20,3
LF:7
LH:7
end_of_record
SF:lib/app/controllers/motel_controller.dart
DA:9,0
DA:13,0
DA:14,0
DA:16,0
DA:18,0
DA:19,0
DA:20,0
DA:23,0
DA:24,0
LF:9
LH:0
end_of_record
SF:lib/app/states/motel_state.dart
DA:12,0
LF:1
LH:0
end_of_record
SF:lib/app/models/category_items.dart
DA:5,1
DA:10,1
DA:11,1
DA:12,1
DA:13,1
LF:5
LH:5
end_of_record
SF:lib/app/models/suite_model.dart
DA:14,1
DA:24,1
DA:25,1
DA:26,1
DA:27,2
DA:28,1
DA:29,2
DA:30,5
DA:31,1
DA:32,4
DA:33,1
DA:34,4
DA:38,0
DA:39,0
DA:43,0
DA:44,0
DA:45,0
DA:46,0
LF:18
LH:12
end_of_record
SF:lib/app/models/periods_model.dart
DA:7,1
DA:14,1
DA:15,1
DA:16,1
DA:17,2
DA:18,2
DA:19,3
LF:7
LH:7
end_of_record
